Testing AdminActivityLog table...
============================================================
Traceback (most recent call last):
  File "C:\Users\HP\OneDrive\Desktop\Python\PycharmProjects\PythonProject1\smartcityportal\test_table.py", line 16, in <module>
    print("\u2713 SUCCESS! AdminActivityLog table exists in PostgreSQL")
  File "C:\Users\HP\AppData\Local\Programs\Python\Python312\Lib\encodings\cp1252.py", line 19, in encode
    return codecs.charmap_encode(input,self.errors,encoding_table)[0]
           ^^^^^^^^^^^^^^^^^^^^^^^^^^^^^^^^^^^^^^^^^^^^^^^^^^^^^^^
UnicodeEncodeError: 'charmap' codec can't encode character '\u2713' in position 0: character maps to <undefined>

During handling of the above exception, another exception occurred:

Traceback (most recent call last):
  File "C:\Users\HP\OneDrive\Desktop\Python\PycharmProjects\PythonProject1\smartcityportal\test_table.py", line 39, in <module>
    print(f"\u2717 ERROR: {e}")
  File "C:\Users\HP\AppData\Local\Programs\Python\Python312\Lib\encodings\cp1252.py", line 19, in encode
    return codecs.charmap_encode(input,self.errors,encoding_table)[0]
           ^^^^^^^^^^^^^^^^^^^^^^^^^^^^^^^^^^^^^^^^^^^^^^^^^^^^^^^
UnicodeEncodeError: 'charmap' codec can't encode character '\u2717' in position 0: character maps to <undefined>
